0 info it worked if it ends with ok
1 verbose cli [ 'C:\\Program Files\\nodejs\\node.exe',
1 verbose cli   'C:\\Program Files\\nodejs\\node_modules\\npm\\bin\\npm-cli.js',
1 verbose cli   'start' ]
2 info using npm@3.10.8
3 info using node@v6.9.1
4 verbose run-script [ 'prestart', 'start', 'poststart' ]
5 info lifecycle sharing-panda@1.0.0~prestart: sharing-panda@1.0.0
6 silly lifecycle sharing-panda@1.0.0~prestart: no script for prestart, continuing
7 info lifecycle sharing-panda@1.0.0~start: sharing-panda@1.0.0
8 verbose lifecycle sharing-panda@1.0.0~start: unsafe-perm in lifecycle true
9 verbose lifecycle sharing-panda@1.0.0~start: PATH: C:\Program Files\nodejs\node_modules\npm\bin\node-gyp-bin;C:\Users\AAYUSH\Documents\Projects\Bitbucket\sharing-panda - ssr\node_modules\.bin;C:\Program Files\Git\mingw64\bin;C:\Program Files\Git\usr\bin;C:\Users\AAYUSH\bin;C:\Program Files (x86)\Common Files\Intel\Shared Files\cpp\bin\Intel64;C:\app\AAYUSH\product\11.2.0\client_1;C:\app\AAYUSH\product\11.2.0\dbhome_1\bin;C:\ProgramData\Oracle\Java\javapath;C:\WINDOWS\system32;C:\WINDOWS;C:\WINDOWS\System32\Wbem;C:\Program Files (x86)\Skype\Phone;C:\Program Files\TortoiseSVN\bin;C:\Program Files (x86)\Brackets\command;C:\Program Files\Git\cmd;C:\WINDOWS\System32\WindowsPowerShell\v1.0;C:\Program Files\nodejs;C:\Program Files\Intel\WiFi\bin;C:\Program Files\apache-maven-3.3.9\bin;C:\Program Files (x86)\Yarn\bin;C:\Program Files\Common Files\Intel\WirelessCommon;C:\Program Files\Intel\WiFi\bin;C:\Program Files\Common Files\Intel\WirelessCommon;C:\Users\AAYUSH\AppData\Roaming\npm;C:\Program Files\Intel\WiFi\bin;C:\Program Files\Common Files\Intel\WirelessCommon;C:\Program Files\MongoDB\Server\3.2\bin;C:\Users\AAYUSH\AppData\Local\Microsoft\WindowsApps;C:\Users\AAYUSH\AppData\Local\atom\bin;C:\Program Files\Heroku\bin;C:\Users\AAYUSH\AppData\Local\Android\sdk\platform-tools;C:\Program Files (x86)\Microsoft VS Code\bin;C:\Users\AAYUSH\AppData\Local\Microsoft\WindowsApps
10 verbose lifecycle sharing-panda@1.0.0~start: CWD: C:\Users\AAYUSH\Documents\Projects\Bitbucket\sharing-panda - ssr
11 silly lifecycle sharing-panda@1.0.0~start: Args: [ '/d /s /c',
11 silly lifecycle   'set NODE_ENV=production&& webpack -p --progress --colors && node server' ]
12 silly lifecycle sharing-panda@1.0.0~start: Returned: code: 2  signal: null
13 info lifecycle sharing-panda@1.0.0~start: Failed to exec start script
14 verbose stack Error: sharing-panda@1.0.0 start: `set NODE_ENV=production&& webpack -p --progress --colors && node server`
14 verbose stack Exit status 2
14 verbose stack     at EventEmitter.<anonymous> (C:\Program Files\nodejs\node_modules\npm\lib\utils\lifecycle.js:255:16)
14 verbose stack     at emitTwo (events.js:106:13)
14 verbose stack     at EventEmitter.emit (events.js:191:7)
14 verbose stack     at ChildProcess.<anonymous> (C:\Program Files\nodejs\node_modules\npm\lib\utils\spawn.js:40:14)
14 verbose stack     at emitTwo (events.js:106:13)
14 verbose stack     at ChildProcess.emit (events.js:191:7)
14 verbose stack     at maybeClose (internal/child_process.js:877:16)
14 verbose stack     at Process.ChildProcess._handle.onexit (internal/child_process.js:226:5)
15 verbose pkgid sharing-panda@1.0.0
16 verbose cwd C:\Users\AAYUSH\Documents\Projects\Bitbucket\sharing-panda - ssr
17 error Windows_NT 10.0.15063
18 error argv "C:\\Program Files\\nodejs\\node.exe" "C:\\Program Files\\nodejs\\node_modules\\npm\\bin\\npm-cli.js" "start"
19 error node v6.9.1
20 error npm  v3.10.8
21 error code ELIFECYCLE
22 error sharing-panda@1.0.0 start: `set NODE_ENV=production&& webpack -p --progress --colors && node server`
22 error Exit status 2
23 error Failed at the sharing-panda@1.0.0 start script 'set NODE_ENV=production&& webpack -p --progress --colors && node server'.
23 error Make sure you have the latest version of node.js and npm installed.
23 error If you do, this is most likely a problem with the sharing-panda package,
23 error not with npm itself.
23 error Tell the author that this fails on your system:
23 error     set NODE_ENV=production&& webpack -p --progress --colors && node server
23 error You can get information on how to open an issue for this project with:
23 error     npm bugs sharing-panda
23 error Or if that isn't available, you can get their info via:
23 error     npm owner ls sharing-panda
23 error There is likely additional logging output above.
24 verbose exit [ 1, true ]
